InnerValues 2 200 512 10000 0 0 0.001 400 100 \n
Runtime: 467 seconds
InnerValues 2 200 512 10000 0 0 0.001 400 200 \n
Runtime: 634 seconds
InnerValues 2 200 512 10000 0 0 0.001 400 400 \n
Runtime: 1069 seconds
InnerValues 2 200 512 10000 0 0 0.001 400 600 \n
Runtime: 1489 seconds
InnerValues 2 200 512 10000 0 0 0.001 400 800 \n
Runtime: 1975 seconds
InnerValues 2 200 512 10000 0 0 0.001 400 1000 \n
Runtime: 2333 seconds
InnerValues 2 200 512 10000 0 0 0.001 800 100 \n
Runtime: 576 seconds
InnerValues 2 200 512 10000 0 0 0.001 400 1200 \n
Runtime: 2709 seconds
InnerValues 2 200 512 10000 0 0 0.001 800 200 \n
Runtime: 1010 seconds
InnerValues 2 200 512 10000 0 0 0.001 400 1500 \n
Runtime: 3293 seconds
InnerValues 2 200 512 10000 0 0 0.001 800 400 \n
Runtime: 1853 seconds
InnerValues 2 200 512 10000 0 0 0.001 400 1734 \n
Runtime: 3925 seconds
InnerValues 2 200 512 10000 0 0 0.001 800 600 \n
Runtime: 2691 seconds
InnerValues 2 200 512 10000 0 0 0.001 800 800 \n
Runtime: 3457 seconds
InnerValues 2 200 512 10000 0 0 0.001 800 1000 \n
Runtime: 4432 seconds
InnerValues 2 200 512 10000 0 0 0.001 1200 100 \n
Runtime: 830 seconds
InnerValues 2 200 512 10000 0 0 0.001 800 1200 \n
Runtime: 5393 seconds
InnerValues 2 200 512 10000 0 0 0.001 1200 200 \n
Runtime: 1430 seconds
InnerValues 2 200 512 10000 0 0 0.001 800 1500 \n
Runtime: 6478 seconds
InnerValues 2 200 512 10000 0 0 0.001 1200 400 \n
Runtime: 2717 seconds
InnerValues 2 200 512 10000 0 0 0.001 800 1734 \n
Runtime: 7298 seconds
InnerValues 2 200 512 10000 0 0 0.001 1200 600 \n
Runtime: 3914 seconds
InnerValues 2 200 512 10000 0 0 0.001 1200 800 \n
Runtime: 5178 seconds
InnerValues 2 200 512 10000 0 0 0.001 1200 1000 \n
Runtime: 6623 seconds
InnerValues 2 200 512 10000 0 0 0.001 1800 100 \n
Runtime: 1216 seconds
InnerValues 2 200 512 10000 0 0 0.001 1200 1200 \n
Runtime: 7611 seconds
InnerValues 2 200 512 10000 0 0 0.001 1800 200 \n
Runtime: 2154 seconds
InnerValues 2 200 512 10000 0 0 0.001 1200 1500 \n
Runtime: 9712 seconds
InnerValues 2 200 512 10000 0 0 0.001 1800 400 \n
Runtime: 3920 seconds
InnerValues 2 200 512 10000 0 0 0.001 1200 1734 \n
Runtime: 11217 seconds
InnerValues 2 200 512 10000 0 0 0.001 1800 600 \n
Runtime: 6035 seconds
InnerValues 2 200 512 10000 0 0 0.001 1800 800 \n
Runtime: 7823 seconds
InnerValues 2 200 512 10000 0 0 0.001 1800 1000 \n
Runtime: 9502 seconds
InnerValues 2 200 512 10000 0 0 0.001 2200 100 \n
Runtime: 1237 seconds
InnerValues 2 200 512 10000 0 0 0.001 2200 200 \n
Runtime: 2370 seconds
InnerValues 2 200 512 10000 0 0 0.001 1800 1200 \n
Runtime: 11510 seconds
InnerValues 2 200 512 10000 0 0 0.001 2200 400 \n
Runtime: 4671 seconds
InnerValues 2 200 512 10000 0 0 0.001 1800 1500 \n
Runtime: 14767 seconds
InnerValues 2 200 512 10000 0 0 0.001 2200 600 \n
Runtime: 7062 seconds
InnerValues 2 200 512 10000 0 0 0.001 1800 1734 \n
Runtime: 16625 seconds
InnerValues 2 200 512 10000 0 0 0.001 2200 800 \n
Runtime: 9177 seconds
InnerValues 2 200 512 10000 0 0 0.001 2200 1000 \n
Runtime: 12053 seconds
InnerValues 2 200 512 10000 0 0 0.001 2600 100 \n
Runtime: 1505 seconds
InnerValues 2 200 512 10000 0 0 0.001 2600 200 \n
Runtime: 2921 seconds
InnerValues 2 200 512 10000 0 0 0.001 2200 1200 \n
Runtime: 14094 seconds
InnerValues 2 200 512 10000 0 0 0.001 2600 400 \n
Runtime: 5732 seconds
InnerValues 2 200 512 10000 0 0 0.001 2200 1500 \n
Runtime: 17575 seconds
InnerValues 2 200 512 10000 0 0 0.001 2600 600 \n
Runtime: 8392 seconds
InnerValues 2 200 512 10000 0 0 0.001 2200 1734 \n
Runtime: 19796 seconds
InnerValues 2 200 512 10000 0 0 0.001 2600 800 \n
Runtime: 11393 seconds
InnerValues 2 200 512 10000 0 0 0.001 2600 1000 \n
Runtime: 13821 seconds
InnerValues 2 200 512 10000 0 0 0.001 3891 100 \n
Runtime: 2161 seconds
InnerValues 2 200 512 10000 0 0 0.001 2600 1200 \n
Runtime: 16555 seconds
InnerValues 2 200 512 10000 0 0 0.001 3891 200 \n
Runtime: 4221 seconds
InnerValues 2 200 512 10000 0 0 0.001 2600 1500 \n
Runtime: 20207 seconds
InnerValues 2 200 512 10000 0 0 0.001 3891 400 \n
Runtime: 8344 seconds
InnerValues 2 200 512 10000 0 0 0.001 3891 600 \n
Runtime: 12430 seconds
InnerValues 2 200 512 10000 0 0 0.001 2600 1734 \n
Runtime: 24499 seconds
InnerValues 2 200 512 10000 0 0 0.001 3891 800 \n
Runtime: 16196 seconds
InnerValues 2 200 512 10000 0 0 0.001 3891 1000 \n
Runtime: 20670 seconds
InnerValues 2 200 512 10000 0 0 0.001 3891 1200 \n
Runtime: 24833 seconds
InnerValues 2 200 512 10000 0 0 0.001 3891 1500 \n
Runtime: 31754 seconds
InnerValues 2 200 512 10000 0 0 0.001 3891 1734 \n
Runtime: 35008 seconds
